2021.10.18 18:02:53: Added Thomas Anderson Teacher
2021.10.18 18:02:53: Added Han Solo Teacher
2021.10.18 18:02:53: Added Princess Leia Teacher
2021.10.18 18:02:53: Added Severus Snape Teacher
2021.10.18 18:02:53: Added Dolores Umbridge Teacher
2021.10.18 18:02:53: Added Peter Pan Student to class class 1A, profile humane
2021.10.18 18:02:53: Added Anna Shirley Student to class class 1A, profile humane
2021.10.18 18:02:53: Added Harry Potter Student to class class 1A, profile humane
2021.10.18 18:02:53: Added Ron Weasley Student to class class 1A, profile humane
2021.10.18 18:02:53: Added term of subject Math on MONDAY at 10:30, 45 min to subject Math
2021.10.18 18:02:53: Added term of subject Math on THURSDAY at 12:50, 45 min to subject Math
2021.10.18 18:02:53: Added subject Math to class 1A, profile humane
2021.10.18 18:02:53: Added term of subject English on MONDAY at 12:00, 45 min to subject English
2021.10.18 18:02:53: Added term of subject English on TUESDAY at 11:00, 45 min to subject English
2021.10.18 18:02:53: Added term of subject English on WEDNESDAY at 10:30, 45 min to subject English
2021.10.18 18:02:53: Added term of subject English on THURSDAY at 11:00, 45 min to subject English
2021.10.18 18:02:53: Added subject English to class 1A, profile humane
2021.10.18 18:02:53: Added term of subject Computer Science on TUESDAY at 09:00, 45 min to subject Computer Science
2021.10.18 18:02:53: Added subject Computer Science to class 1A, profile humane
2021.10.18 18:02:53: Added term of subject Chemistry on WEDNESDAY at 11:30, 45 min to subject Chemistry
2021.10.18 18:02:53: Added subject Chemistry to class 1A, profile humane
2021.10.18 18:02:53: Added term of subject Potions on FRIDAY at 09:00, 90 min to subject Potions
2021.10.18 18:02:53: Added subject Potions to class 1A, profile humane
2021.10.18 18:02:53: Added term of subject Black Magic Defense on FRIDAY at 12:30, 90 min to subject Black Magic Defense
2021.10.18 18:02:53: Added subject Black Magic Defense to class 1A, profile humane
2021.10.18 18:02:53: Added class 1A, profile humane
2021.10.18 19:17:09: Added Thomas Anderson Teacher
2021.10.18 19:17:09: Added Han Solo Teacher
2021.10.18 19:17:09: Added Princess Leia Teacher
2021.10.18 19:17:09: Added Severus Snape Teacher
2021.10.18 19:17:09: Added Dolores Umbridge Teacher
2021.10.18 19:17:09: Added Peter Pan Student to class class 1A, profile humane
2021.10.18 19:17:09: Added Anna Shirley Student to class class 1A, profile humane
2021.10.18 19:17:09: Added Harry Potter Student to class class 1A, profile humane
2021.10.18 19:17:09: Added Ron Weasley Student to class class 1A, profile humane
2021.10.18 19:17:09: Added term of subject Math on MONDAY at 10:30, 45 min to subject Math
2021.10.18 19:17:09: Added term of subject Math on THURSDAY at 12:50, 45 min to subject Math
2021.10.18 19:17:09: Added subject Math to class 1A, profile humane
2021.10.18 19:17:09: Added term of subject English on MONDAY at 12:00, 45 min to subject English
2021.10.18 19:17:09: Added term of subject English on TUESDAY at 11:00, 45 min to subject English
2021.10.18 19:17:09: Added term of subject English on WEDNESDAY at 10:30, 45 min to subject English
2021.10.18 19:17:09: Added term of subject English on THURSDAY at 11:00, 45 min to subject English
2021.10.18 19:17:09: Added subject English to class 1A, profile humane
2021.10.18 19:17:09: Added term of subject Computer Science on TUESDAY at 09:00, 45 min to subject Computer Science
2021.10.18 19:17:09: Added subject Computer Science to class 1A, profile humane
2021.10.18 19:17:09: Added term of subject Chemistry on WEDNESDAY at 11:30, 45 min to subject Chemistry
2021.10.18 19:17:09: Added subject Chemistry to class 1A, profile humane
2021.10.18 19:17:09: Added term of subject Potions on FRIDAY at 09:00, 90 min to subject Potions
2021.10.18 19:17:09: Added subject Potions to class 1A, profile humane
2021.10.18 19:17:09: Added term of subject Black Magic Defense on FRIDAY at 12:30, 90 min to subject Black Magic Defense
2021.10.18 19:17:09: Added subject Black Magic Defense to class 1A, profile humane
2021.10.18 19:17:09: Added class 1A, profile humane
